text=POWER, score:0.9999057438331506, rect=[[2739, 1595], [2867, 1595], [2867, 1639], [2739, 1639]]
text=Masswerte:, score:0.4573822132569336, rect=[[649, 1669], [1192, 1669], [1192, 1767], [649, 1767]]
text=Ekol, score:0.4766966700553894, rect=[[660, 1751], [883, 1751], [883, 1853], [660, 1853]]
text=11.7, score:0.9154492616653442, rect=[[1145, 1747], [1374, 1747], [1374, 1837], [1145, 1837]]
text=Iepy, score:0.6045381426811218, rect=[[662, 1835], [896, 1835], [896, 1936], [662, 1936]]
text=58, score:0.9997181335135679, rect=[[1145, 1835], [1276, 1835], [1276, 1925], [1145, 1925]]
text=1:, score:0.1404641239307977, rect=[[1289, 1734], [1558, 1734], [1558, 2020], [1289, 2020]]
text=auto, score:0.9999886751174927, rect=[[2816, 1871], [2910, 1871], [2910, 1911], [2816, 1911]]
text=I, score:0.9825753382984637, rect=[[2921, 1875], [2953, 1875], [2953, 1910], [2921, 1910]]
text=Tspzu, score:0.37924047054582616, rect=[[669, 1916], [953, 1916], [953, 2008], [669, 2008]]
text=35, score:0.9627003593763507, rect=[[1145, 1917], [1279, 1917], [1279, 2007], [1145, 2007]]
text=R1, score:0.46524609950032497, rect=[[2550, 1926], [2605, 1926], [2605, 1975], [2550, 1975]]
text=auto I, score:0.8021910207137182, rect=[[2813, 2016], [2948, 2016], [2948, 2056], [2813, 2056]]
text=R2, score:0.9999051709078337, rect=[[2548, 2079], [2604, 2079], [2604, 2122], [2548, 2122]]
text=auto I, score:0.9994554397702774, rect=[[2806, 2157], [2941, 2157], [2941, 2198], [2806, 2198]]
text=R3, score:0.9380353202217295, rect=[[2545, 2211], [2601, 2211], [2601, 2255], [2545, 2255]]
text=auto, score:0.9999808073043823, rect=[[2803, 2299], [2894, 2299], [2894, 2337], [2803, 2337]]
text=I, score:0.989406893772312, rect=[[2905, 2300], [2934, 2300], [2934, 2336], [2905, 2336]]
text=R4, score:0.9314789040448205, rect=[[2542, 2350], [2598, 2350], [2598, 2393], [2542, 2393]]
text=auto I, score:0.9391056204205117, rect=[[2797, 2435], [2932, 2435], [2932, 2475], [2797, 2475]]
text=RS, score:0.4316099665491521, rect=[[2539, 2485], [2598, 2485], [2598, 2529], [2539, 2529]]
text=auto, score:0.9999893307685852, rect=[[2798, 2574], [2884, 2574], [2884, 2607], [2798, 2607]]
text=I, score:0.9977882230924138, rect=[[2896, 2574], [2925, 2574], [2925, 2610], [2896, 2610]]
text=R6, score:0.9827985988369555, rect=[[2535, 2620], [2592, 2620], [2592, 2664], [2535, 2664]]
text=RESOL, score:0.9998218293723008, rect=[[763, 3364], [1227, 3364], [1227, 3521], [763, 3521]]
text=M I D I, score:0.8469582578105905, rect=[[1250, 3395], [1509, 3395], [1509, 3469], [1250, 3469]]
text=SdlarControler, score:0.44285719906466237, rect=[[1252, 3461], [1509, 3461], [1509, 3513], [1252, 3513]]
